<?xml version="1.0" encoding="UTF-8"?>
<testsuite name="com.myepark.boot.springboot.web.IndexControllerTest" tests="1" skipped="0" failures="0" errors="0" timestamp="2020-10-09T05:54:04" hostname="LM-SEL-16517091" time="1.88">
  <properties/>
  <testcase name="메인페이지_로딩" classname="com.myepark.boot.springboot.web.IndexControllerTest" time="1.88"/>
  <system-out><![CDATA[2020-10-09 14:54:04.032  INFO 31378 --- [    Test worker] .b.t.c.SpringBootTestContextBootstrapper : Neither @ContextConfiguration nor @ContextHierarchy found for test class [com.myepark.boot.springboot.web.IndexControllerTest], using SpringBootContextLoader
2020-10-09 14:54:04.032  INFO 31378 --- [    Test worker] o.s.t.c.support.AbstractContextLoader    : Could not detect default resource locations for test class [com.myepark.boot.springboot.web.IndexControllerTest]: no resource found for suffixes {-context.xml, Context.groovy}.
2020-10-09 14:54:04.032  INFO 31378 --- [    Test worker] t.c.s.AnnotationConfigContextLoaderUtils : Could not detect default configuration classes for test class [com.myepark.boot.springboot.web.IndexControllerTest]: IndexControllerTest does not declare any static, non-private, non-final, nested classes annotated with @Configuration.
2020-10-09 14:54:04.033  INFO 31378 --- [    Test worker] .b.t.c.SpringBootTestContextBootstrapper : Found @SpringBootConfiguration com.myepark.boot.springboot.Application for test class com.myepark.boot.springboot.web.IndexControllerTest
2020-10-09 14:54:04.034  INFO 31378 --- [    Test worker] .b.t.c.SpringBootTestContextBootstrapper : Loaded default TestExecutionListener class names from location [META-INF/spring.factories]: [org.springframework.security.test.context.support.WithSecurityContextTestExecutionListener, org.springframework.security.test.context.support.ReactorContextTestExecutionListener, org.springframework.boot.test.autoconfigure.restdocs.RestDocsTestExecutionListener, org.springframework.boot.test.autoconfigure.web.client.MockRestServiceServerResetTestExecutionListener, org.springframework.boot.test.autoconfigure.web.servlet.MockMvcPrintOnlyOnFailureTestExecutionListener, org.springframework.boot.test.autoconfigure.web.servlet.WebDriverTestExecutionListener, org.springframework.boot.test.mock.mockito.MockitoTestExecutionListener, org.springframework.boot.test.mock.mockito.ResetMocksTestExecutionListener, org.springframework.test.context.web.ServletTestExecutionListener, org.springframework.test.context.support.DirtiesContextBeforeModesTestExecutionListener, org.springframework.test.context.support.DependencyInjectionTestExecutionListener, org.springframework.test.context.support.DirtiesContextTestExecutionListener, org.springframework.test.context.transaction.TransactionalTestExecutionListener, org.springframework.test.context.jdbc.SqlScriptsTestExecutionListener]
2020-10-09 14:54:04.034  INFO 31378 --- [    Test worker] .b.t.c.SpringBootTestContextBootstrapper : Using TestExecutionListeners: [org.springframework.test.context.web.ServletTestExecutionListener@29e9eba8, org.springframework.test.context.support.DirtiesContextBeforeModesTestExecutionListener@3cbd1471, org.springframework.boot.test.mock.mockito.MockitoTestExecutionListener@21faa5b1, org.springframework.boot.test.autoconfigure.SpringBootDependencyInjectionTestExecutionListener@244c2786, org.springframework.test.context.support.DirtiesContextTestExecutionListener@421e3c0c, org.springframework.test.context.transaction.TransactionalTestExecutionListener@16d4a6a2, org.springframework.test.context.jdbc.SqlScriptsTestExecutionListener@62775ee4, org.springframework.security.test.context.support.WithSecurityContextTestExecutionListener@2742353b, org.springframework.security.test.context.support.ReactorContextTestExecutionListener@148f9383, org.springframework.boot.test.autoconfigure.restdocs.RestDocsTestExecutionListener@27ddc606, org.springframework.boot.test.autoconfigure.web.client.MockRestServiceServerResetTestExecutionListener@7f852c67, org.springframework.boot.test.autoconfigure.web.servlet.MockMvcPrintOnlyOnFailureTestExecutionListener@49582541, org.springframework.boot.test.autoconfigure.web.servlet.WebDriverTestExecutionListener@2123b462, org.springframework.boot.test.mock.mockito.ResetMocksTestExecutionListener@6887abb6]
2020-10-09 14:54:05.875  INFO 31378 --- [o-auto-1-exec-1] o.a.c.c.C.[Tomcat].[localhost].[/]       : Initializing Spring DispatcherServlet 'dispatcherServlet'
2020-10-09 14:54:05.875  INFO 31378 --- [o-auto-1-exec-1] o.s.web.servlet.DispatcherServlet        : Initializing Servlet 'dispatcherServlet'
2020-10-09 14:54:05.878  INFO 31378 --- [o-auto-1-exec-1] o.s.web.servlet.DispatcherServlet        : Completed initialization in 3 ms
Hibernate: select posts0_.id as id1_0_, posts0_.created_date as created_2_0_, posts0_.modified_date as modified3_0_, posts0_.author as author4_0_, posts0_.content as content5_0_, posts0_.title as title6_0_ from posts posts0_ order by posts0_.id DESC
]]></system-out>
  <system-err><![CDATA[]]></system-err>
</testsuite>
