<?xml version="1.0" encoding="UTF-8"?>
<testsuite name="com.myepark.boot.springboot.web.HelloControllerTest" tests="2" skipped="0" failures="0" errors="0" timestamp="2020-10-09T05:54:04" hostname="LM-SEL-16517091" time="0.027">
  <properties/>
  <testcase name="hello가_리턴된다" classname="com.myepark.boot.springboot.web.HelloControllerTest" time="0.008"/>
  <testcase name="helloDto가_리턴된다" classname="com.myepark.boot.springboot.web.HelloControllerTest" time="0.018"/>
  <system-out><![CDATA[2020-10-09 14:54:03.566  INFO 31378 --- [    Test worker] .b.t.a.w.s.WebMvcTestContextBootstrapper : Neither @ContextConfiguration nor @ContextHierarchy found for test class [com.myepark.boot.springboot.web.HelloControllerTest], using SpringBootContextLoader
2020-10-09 14:54:03.566  INFO 31378 --- [    Test worker] o.s.t.c.support.AbstractContextLoader    : Could not detect default resource locations for test class [com.myepark.boot.springboot.web.HelloControllerTest]: no resource found for suffixes {-context.xml, Context.groovy}.
2020-10-09 14:54:03.566  INFO 31378 --- [    Test worker] t.c.s.AnnotationConfigContextLoaderUtils : Could not detect default configuration classes for test class [com.myepark.boot.springboot.web.HelloControllerTest]: HelloControllerTest does not declare any static, non-private, non-final, nested classes annotated with @Configuration.
2020-10-09 14:54:03.575  INFO 31378 --- [    Test worker] .b.t.c.SpringBootTestContextBootstrapper : Found @SpringBootConfiguration com.myepark.boot.springboot.Application for test class com.myepark.boot.springboot.web.HelloControllerTest
2020-10-09 14:54:03.576  INFO 31378 --- [    Test worker] .b.t.a.w.s.WebMvcTestContextBootstrapper : Loaded default TestExecutionListener class names from location [META-INF/spring.factories]: [org.springframework.security.test.context.support.WithSecurityContextTestExecutionListener, org.springframework.security.test.context.support.ReactorContextTestExecutionListener, org.springframework.boot.test.autoconfigure.restdocs.RestDocsTestExecutionListener, org.springframework.boot.test.autoconfigure.web.client.MockRestServiceServerResetTestExecutionListener, org.springframework.boot.test.autoconfigure.web.servlet.MockMvcPrintOnlyOnFailureTestExecutionListener, org.springframework.boot.test.autoconfigure.web.servlet.WebDriverTestExecutionListener, org.springframework.boot.test.mock.mockito.MockitoTestExecutionListener, org.springframework.boot.test.mock.mockito.ResetMocksTestExecutionListener, org.springframework.test.context.web.ServletTestExecutionListener, org.springframework.test.context.support.DirtiesContextBeforeModesTestExecutionListener, org.springframework.test.context.support.DependencyInjectionTestExecutionListener, org.springframework.test.context.support.DirtiesContextTestExecutionListener, org.springframework.test.context.transaction.TransactionalTestExecutionListener, org.springframework.test.context.jdbc.SqlScriptsTestExecutionListener]
2020-10-09 14:54:03.577  INFO 31378 --- [    Test worker] .b.t.a.w.s.WebMvcTestContextBootstrapper : Using TestExecutionListeners: [org.springframework.test.context.web.ServletTestExecutionListener@46fb5ff7, org.springframework.test.context.support.DirtiesContextBeforeModesTestExecutionListener@7c9ec0a2, org.springframework.boot.test.mock.mockito.MockitoTestExecutionListener@17345bc2, org.springframework.boot.test.autoconfigure.SpringBootDependencyInjectionTestExecutionListener@658cf171, org.springframework.test.context.support.DirtiesContextTestExecutionListener@79140ed0, org.springframework.test.context.transaction.TransactionalTestExecutionListener@73854a80, org.springframework.test.context.jdbc.SqlScriptsTestExecutionListener@46dae579, org.springframework.security.test.context.support.WithSecurityContextTestExecutionListener@445f83aa, org.springframework.security.test.context.support.ReactorContextTestExecutionListener@1de4677f, org.springframework.boot.test.autoconfigure.restdocs.RestDocsTestExecutionListener@446cef09, org.springframework.boot.test.autoconfigure.web.client.MockRestServiceServerResetTestExecutionListener@558c2bd0, org.springframework.boot.test.autoconfigure.web.servlet.MockMvcPrintOnlyOnFailureTestExecutionListener@6d76a018, org.springframework.boot.test.autoconfigure.web.servlet.WebDriverTestExecutionListener@5317ed56, org.springframework.boot.test.mock.mockito.ResetMocksTestExecutionListener@70a0449a]

  .   ____          _            __ _ _
 /\\ / ___'_ __ _ _(_)_ __  __ _ \ \ \ \
( ( )\___ | '_ | '_| | '_ \/ _` | \ \ \ \
 \\/  ___)| |_)| | | | | || (_| |  ) ) ) )
  '  |____| .__|_| |_|_| |_\__, | / / / /
 =========|_|==============|___/=/_/_/_/
 :: Spring Boot ::        (v2.1.9.RELEASE)

2020-10-09 14:54:03.594  INFO 31378 --- [    Test worker] c.m.b.s.web.HelloControllerTest          : Starting HelloControllerTest on LM-SEL-16517091 with PID 31378 (started by myepark in /Users/myepark/Downloads/myGit/SpringBootWithAWS/project)
2020-10-09 14:54:03.595  INFO 31378 --- [    Test worker] c.m.b.s.web.HelloControllerTest          : No active profile set, falling back to default profiles: default
2020-10-09 14:54:03.815  INFO 31378 --- [    Test worker] o.s.s.concurrent.ThreadPoolTaskExecutor  : Initializing ExecutorService 'applicationTaskExecutor'
2020-10-09 14:54:03.834  INFO 31378 --- [    Test worker] o.s.b.a.w.s.WelcomePageHandlerMapping    : Adding welcome page template: index
2020-10-09 14:54:03.924  INFO 31378 --- [    Test worker] .s.s.UserDetailsServiceAutoConfiguration : 

Using generated security password: c2097a86-4d3c-4ef7-b047-6ad95b35464a

2020-10-09 14:54:03.978  INFO 31378 --- [    Test worker] o.s.s.web.DefaultSecurityFilterChain     : Creating filter chain: any request, [org.springframework.security.web.context.request.async.WebAsyncManagerIntegrationFilter@70c7b399, org.springframework.security.web.context.SecurityContextPersistenceFilter@51393843, org.springframework.security.web.header.HeaderWriterFilter@39bed4fb, org.springframework.security.web.csrf.CsrfFilter@32967e7f, org.springframework.security.web.authentication.logout.LogoutFilter@3732de52, org.springframework.security.web.authentication.UsernamePasswordAuthenticationFilter@57e2bd91, org.springframework.security.web.authentication.ui.DefaultLoginPageGeneratingFilter@56da142e, org.springframework.security.web.authentication.ui.DefaultLogoutPageGeneratingFilter@354c57f7, org.springframework.security.web.authentication.www.BasicAuthenticationFilter@6ce3a35d, org.springframework.security.web.savedrequest.RequestCacheAwareFilter@70be5b8e, org.springframework.security.web.servletapi.SecurityContextHolderAwareRequestFilter@3f68406e, org.springframework.security.web.authentication.AnonymousAuthenticationFilter@44c4e348, org.springframework.security.web.session.SessionManagementFilter@385a3035, org.springframework.security.web.access.ExceptionTranslationFilter@7e9bf7b5, org.springframework.security.web.access.intercept.FilterSecurityInterceptor@5909c3f7]
2020-10-09 14:54:03.985  INFO 31378 --- [    Test worker] o.s.b.t.m.w.SpringBootMockServletContext : Initializing Spring TestDispatcherServlet ''
2020-10-09 14:54:03.985  INFO 31378 --- [    Test worker] o.s.t.web.servlet.TestDispatcherServlet  : Initializing Servlet ''
2020-10-09 14:54:03.987  INFO 31378 --- [    Test worker] o.s.t.web.servlet.TestDispatcherServlet  : Completed initialization in 2 ms
2020-10-09 14:54:04.001  INFO 31378 --- [    Test worker] c.m.b.s.web.HelloControllerTest          : Started HelloControllerTest in 0.421 seconds (JVM running for 5.902)
]]></system-out>
  <system-err><![CDATA[]]></system-err>
</testsuite>
