<?xml version="1.0" encoding="UTF-8"?>
<testsuite name="com.myepark.boot.springboot.domain.posts.PostRepositoryTest" tests="1" skipped="0" failures="0" errors="0" timestamp="2020-10-01T02:33:08" hostname="LM-SEL-16517091" time="0.305">
  <properties/>
  <testcase name="BaseTimeEntity_등록" classname="com.myepark.boot.springboot.domain.posts.PostRepositoryTest" time="0.305"/>
  <system-out><![CDATA[11:33:05.361 [Test worker] DEBUG org.springframework.test.context.junit4.SpringJUnit4ClassRunner - SpringJUnit4ClassRunner constructor called with [class com.myepark.boot.springboot.domain.posts.PostRepositoryTest]
11:33:05.368 [Test worker] DEBUG org.springframework.test.context.BootstrapUtils - Instantiating CacheAwareContextLoaderDelegate from class [org.springframework.test.context.cache.DefaultCacheAwareContextLoaderDelegate]
11:33:05.374 [Test worker] DEBUG org.springframework.test.context.BootstrapUtils - Instantiating BootstrapContext using constructor [public org.springframework.test.context.support.DefaultBootstrapContext(java.lang.Class,org.springframework.test.context.CacheAwareContextLoaderDelegate)]
11:33:05.397 [Test worker] DEBUG org.springframework.test.context.BootstrapUtils - Instantiating TestContextBootstrapper for test class [com.myepark.boot.springboot.domain.posts.PostRepositoryTest] from class [org.springframework.boot.test.context.SpringBootTestContextBootstrapper]
11:33:05.408 [Test worker] INFO org.springframework.boot.test.context.SpringBootTestContextBootstrapper - Neither @ContextConfiguration nor @ContextHierarchy found for test class [com.myepark.boot.springboot.domain.posts.PostRepositoryTest], using SpringBootContextLoader
11:33:05.411 [Test worker] DEBUG org.springframework.test.context.support.AbstractContextLoader - Did not detect default resource location for test class [com.myepark.boot.springboot.domain.posts.PostRepositoryTest]: class path resource [com/myepark/boot/springboot/domain/posts/PostRepositoryTest-context.xml] does not exist
11:33:05.411 [Test worker] DEBUG org.springframework.test.context.support.AbstractContextLoader - Did not detect default resource location for test class [com.myepark.boot.springboot.domain.posts.PostRepositoryTest]: class path resource [com/myepark/boot/springboot/domain/posts/PostRepositoryTestContext.groovy] does not exist
11:33:05.412 [Test worker] INFO org.springframework.test.context.support.AbstractContextLoader - Could not detect default resource locations for test class [com.myepark.boot.springboot.domain.posts.PostRepositoryTest]: no resource found for suffixes {-context.xml, Context.groovy}.
11:33:05.413 [Test worker] INFO org.springframework.test.context.support.AnnotationConfigContextLoaderUtils - Could not detect default configuration classes for test class [com.myepark.boot.springboot.domain.posts.PostRepositoryTest]: PostRepositoryTest does not declare any static, non-private, non-final, nested classes annotated with @Configuration.
11:33:05.449 [Test worker] DEBUG org.springframework.test.context.support.ActiveProfilesUtils - Could not find an 'annotation declaring class' for annotation type [org.springframework.test.context.ActiveProfiles] and class [com.myepark.boot.springboot.domain.posts.PostRepositoryTest]
11:33:05.508 [Test worker] DEBUG org.springframework.context.annotation.ClassPathScanningCandidateComponentProvider - Identified candidate component class: file [/Users/myepark/Downloads/myGit/SpringBootWithAWS/project/build/classes/java/main/com/myepark/boot/springboot/Application.class]
11:33:05.509 [Test worker] INFO org.springframework.boot.test.context.SpringBootTestContextBootstrapper - Found @SpringBootConfiguration com.myepark.boot.springboot.Application for test class com.myepark.boot.springboot.domain.posts.PostRepositoryTest
11:33:05.586 [Test worker] DEBUG org.springframework.boot.test.context.SpringBootTestContextBootstrapper - @TestExecutionListeners is not present for class [com.myepark.boot.springboot.domain.posts.PostRepositoryTest]: using defaults.
11:33:05.587 [Test worker] INFO org.springframework.boot.test.context.SpringBootTestContextBootstrapper - Loaded default TestExecutionListener class names from location [META-INF/spring.factories]: [org.springframework.boot.test.autoconfigure.restdocs.RestDocsTestExecutionListener, org.springframework.boot.test.autoconfigure.web.client.MockRestServiceServerResetTestExecutionListener, org.springframework.boot.test.autoconfigure.web.servlet.MockMvcPrintOnlyOnFailureTestExecutionListener, org.springframework.boot.test.autoconfigure.web.servlet.WebDriverTestExecutionListener, org.springframework.boot.test.autoconfigure.webservices.client.MockWebServiceServerTestExecutionListener, org.springframework.boot.test.mock.mockito.MockitoTestExecutionListener, org.springframework.boot.test.mock.mockito.ResetMocksTestExecutionListener, org.springframework.test.context.web.ServletTestExecutionListener, org.springframework.test.context.support.DirtiesContextBeforeModesTestExecutionListener, org.springframework.test.context.support.DependencyInjectionTestExecutionListener, org.springframework.test.context.support.DirtiesContextTestExecutionListener, org.springframework.test.context.transaction.TransactionalTestExecutionListener, org.springframework.test.context.jdbc.SqlScriptsTestExecutionListener, org.springframework.test.context.event.EventPublishingTestExecutionListener]
11:33:05.598 [Test worker] INFO org.springframework.boot.test.context.SpringBootTestContextBootstrapper - Using TestExecutionListeners: [org.springframework.test.context.web.ServletTestExecutionListener@2d5ee98b, org.springframework.test.context.support.DirtiesContextBeforeModesTestExecutionListener@593c445, org.springframework.boot.test.mock.mockito.MockitoTestExecutionListener@220dc796, org.springframework.boot.test.autoconfigure.SpringBootDependencyInjectionTestExecutionListener@74093e66, org.springframework.test.context.support.DirtiesContextTestExecutionListener@2ec183dd, org.springframework.test.context.transaction.TransactionalTestExecutionListener@35ebdbac, org.springframework.test.context.jdbc.SqlScriptsTestExecutionListener@79168bf0, org.springframework.test.context.event.EventPublishingTestExecutionListener@445170ba, org.springframework.boot.test.autoconfigure.restdocs.RestDocsTestExecutionListener@66acdc86, org.springframework.boot.test.autoconfigure.web.client.MockRestServiceServerResetTestExecutionListener@d714d44, org.springframework.boot.test.autoconfigure.web.servlet.MockMvcPrintOnlyOnFailureTestExecutionListener@40f50e11, org.springframework.boot.test.autoconfigure.web.servlet.WebDriverTestExecutionListener@f6e6215, org.springframework.boot.test.autoconfigure.webservices.client.MockWebServiceServerTestExecutionListener@fa6d792, org.springframework.boot.test.mock.mockito.ResetMocksTestExecutionListener@83aa04f]
11:33:05.599 [Test worker] DEBUG org.springframework.test.annotation.ProfileValueUtils - Retrieved @ProfileValueSourceConfiguration [null] for test class [com.myepark.boot.springboot.domain.posts.PostRepositoryTest]
11:33:05.600 [Test worker] DEBUG org.springframework.test.annotation.ProfileValueUtils - Retrieved ProfileValueSource type [class org.springframework.test.annotation.SystemProfileValueSource] for class [com.myepark.boot.springboot.domain.posts.PostRepositoryTest]
11:33:05.602 [Test worker] DEBUG org.springframework.test.annotation.ProfileValueUtils - Retrieved @ProfileValueSourceConfiguration [null] for test class [com.myepark.boot.springboot.domain.posts.PostRepositoryTest]
11:33:05.602 [Test worker] DEBUG org.springframework.test.annotation.ProfileValueUtils - Retrieved ProfileValueSource type [class org.springframework.test.annotation.SystemProfileValueSource] for class [com.myepark.boot.springboot.domain.posts.PostRepositoryTest]
11:33:05.604 [Test worker] DEBUG org.springframework.test.annotation.ProfileValueUtils - Retrieved @ProfileValueSourceConfiguration [null] for test class [com.myepark.boot.springboot.domain.posts.PostRepositoryTest]
11:33:05.605 [Test worker] DEBUG org.springframework.test.annotation.ProfileValueUtils - Retrieved ProfileValueSource type [class org.springframework.test.annotation.SystemProfileValueSource] for class [com.myepark.boot.springboot.domain.posts.PostRepositoryTest]
11:33:05.608 [Test worker] DEBUG org.springframework.test.annotation.ProfileValueUtils - Retrieved @ProfileValueSourceConfiguration [null] for test class [com.myepark.boot.springboot.domain.posts.PostRepositoryTest]
11:33:05.608 [Test worker] DEBUG org.springframework.test.annotation.ProfileValueUtils - Retrieved ProfileValueSource type [class org.springframework.test.annotation.SystemProfileValueSource] for class [com.myepark.boot.springboot.domain.posts.PostRepositoryTest]
11:33:05.608 [Test worker] DEBUG org.springframework.test.annotation.ProfileValueUtils - Retrieved @ProfileValueSourceConfiguration [null] for test class [com.myepark.boot.springboot.domain.posts.PostRepositoryTest]
11:33:05.608 [Test worker] DEBUG org.springframework.test.annotation.ProfileValueUtils - Retrieved ProfileValueSource type [class org.springframework.test.annotation.SystemProfileValueSource] for class [com.myepark.boot.springboot.domain.posts.PostRepositoryTest]
11:33:05.612 [Test worker] DEBUG org.springframework.test.context.support.AbstractDirtiesContextTestExecutionListener - Before test class: context [DefaultTestContext@5a151a50 testClass = PostRepositoryTest, testInstance = [null], testMethod = [null], testException = [null], mergedContextConfiguration = [WebMergedContextConfiguration@2bebc557 testClass = PostRepositoryTest, locations = '{}', classes = '{class com.myepark.boot.springboot.Application}', contextInitializerClasses = '[]', activeProfiles = '{}', propertySourceLocations = '{}', propertySourceProperties = '{org.springframework.boot.test.context.SpringBootTestContextBootstrapper=true}', contextCustomizers = set[org.springframework.boot.test.autoconfigure.properties.PropertyMappingContextCustomizer@0, org.springframework.boot.test.autoconfigure.web.servlet.WebDriverContextCustomizerFactory$Customizer@563a396c, org.springframework.boot.test.context.filter.ExcludeFilterContextCustomizer@2bd35f1c, org.springframework.boot.test.json.DuplicateJsonObjectContextCustomizerFactory$DuplicateJsonObjectContextCustomizer@424b9f68, org.springframework.boot.test.mock.mockito.MockitoContextCustomizer@0, org.springframework.boot.test.web.client.TestRestTemplateContextCustomizer@4b0f059d, org.springframework.boot.test.context.SpringBootTestArgs@1], resourceBasePath = 'src/main/webapp', contextLoader = 'org.springframework.boot.test.context.SpringBootContextLoader', parent = [null]], attributes = map['org.springframework.test.context.web.ServletTestExecutionListener.activateListener' -> true]], class annotated with @DirtiesContext [false] with mode [null].
11:33:05.614 [Test worker] DEBUG org.springframework.test.annotation.ProfileValueUtils - Retrieved @ProfileValueSourceConfiguration [null] for test class [com.myepark.boot.springboot.domain.posts.PostRepositoryTest]
11:33:05.614 [Test worker] DEBUG org.springframework.test.annotation.ProfileValueUtils - Retrieved ProfileValueSource type [class org.springframework.test.annotation.SystemProfileValueSource] for class [com.myepark.boot.springboot.domain.posts.PostRepositoryTest]
11:33:05.627 [Test worker] DEBUG org.springframework.test.context.support.TestPropertySourceUtils - Adding inlined properties to environment: {spring.jmx.enabled=false, org.springframework.boot.test.context.SpringBootTestContextBootstrapper=true}

  .   ____          _            __ _ _
 /\\ / ___'_ __ _ _(_)_ __  __ _ \ \ \ \
( ( )\___ | '_ | '_| | '_ \/ _` | \ \ \ \
 \\/  ___)| |_)| | | | | || (_| |  ) ) ) )
  '  |____| .__|_| |_|_| |_\__, | / / / /
 =========|_|==============|___/=/_/_/_/
 :: Spring Boot ::        (v2.3.1.RELEASE)

2020-10-01 11:33:05.817  INFO 87207 --- [    Test worker] c.m.b.s.domain.posts.PostRepositoryTest  : Starting PostRepositoryTest on LM-SEL-16517091 with PID 87207 (started by myepark in /Users/myepark/Downloads/myGit/SpringBootWithAWS/project)
2020-10-01 11:33:05.819  INFO 87207 --- [    Test worker] c.m.b.s.domain.posts.PostRepositoryTest  : No active profile set, falling back to default profiles: default
2020-10-01 11:33:06.307  INFO 87207 --- [    Test worker] .s.d.r.c.RepositoryConfigurationDelegate : Bootstrapping Spring Data JPA repositories in DEFERRED mode.
2020-10-01 11:33:06.355  INFO 87207 --- [    Test worker] .s.d.r.c.RepositoryConfigurationDelegate : Finished Spring Data repository scanning in 42ms. Found 1 JPA repository interfaces.
2020-10-01 11:33:06.761  INFO 87207 --- [    Test worker] o.s.s.concurrent.ThreadPoolTaskExecutor  : Initializing ExecutorService 'applicationTaskExecutor'
2020-10-01 11:33:06.768  INFO 87207 --- [    Test worker] com.zaxxer.hikari.HikariDataSource       : HikariPool-1 - Starting...
2020-10-01 11:33:06.891  INFO 87207 --- [    Test worker] com.zaxxer.hikari.HikariDataSource       : HikariPool-1 - Start completed.
2020-10-01 11:33:06.951  INFO 87207 --- [         task-1] o.hibernate.jpa.internal.util.LogHelper  : HHH000204: Processing PersistenceUnitInfo [name: default]
2020-10-01 11:33:06.991  INFO 87207 --- [         task-1] org.hibernate.Version                    : HHH000412: Hibernate ORM core version 5.4.17.Final
2020-10-01 11:33:07.091  INFO 87207 --- [         task-1] o.hibernate.annotations.common.Version   : HCANN000001: Hibernate Commons Annotations {5.1.0.Final}
2020-10-01 11:33:07.183  INFO 87207 --- [         task-1] org.hibernate.dialect.Dialect            : HHH000400: Using dialect: org.hibernate.dialect.H2Dialect
Hibernate: drop table if exists posts CASCADE 
Hibernate: create table posts (id bigint generated by default as identity, created_date timestamp, modified_date timestamp, author varchar(255), content TEXT not null, title varchar(600) not null, primary key (id))
2020-10-01 11:33:07.598  INFO 87207 --- [         task-1] o.h.e.t.j.p.i.JtaPlatformInitiator       : HHH000490: Using JtaPlatform implementation: [org.hibernate.engine.transaction.jta.platform.internal.NoJtaPlatform]
2020-10-01 11:33:07.603  INFO 87207 --- [         task-1] j.LocalContainerEntityManagerFactoryBean : Initialized JPA EntityManagerFactory for persistence unit 'default'
2020-10-01 11:33:07.753  WARN 87207 --- [    Test worker] JpaBaseConfiguration$JpaWebConfiguration : spring.jpa.open-in-view is enabled by default. Therefore, database queries may be performed during view rendering. Explicitly configure spring.jpa.open-in-view to disable this warning
2020-10-01 11:33:08.070  INFO 87207 --- [    Test worker] o.s.b.a.h2.H2ConsoleAutoConfiguration    : H2 console available at '/h2-console'. Database available at 'jdbc:h2:mem:testdb'
2020-10-01 11:33:08.119  INFO 87207 --- [    Test worker] DeferredRepositoryInitializationListener : Triggering deferred initialization of Spring Data repositories…
2020-10-01 11:33:08.255  INFO 87207 --- [    Test worker] DeferredRepositoryInitializationListener : Spring Data repositories initialized!
2020-10-01 11:33:08.262  INFO 87207 --- [    Test worker] c.m.b.s.domain.posts.PostRepositoryTest  : Started PostRepositoryTest in 2.629 seconds (JVM running for 3.374)
Hibernate: insert into posts (id, created_date, modified_date, author, content, title) values (null, ?, ?, ?, ?, ?)
Hibernate: select posts0_.id as id1_0_, posts0_.created_date as created_2_0_, posts0_.modified_date as modified3_0_, posts0_.author as author4_0_, posts0_.content as content5_0_, posts0_.title as title6_0_ from posts posts0_
>>>>>>>>> createDate=2020-10-01T11:33:08.418939, modifiedDate=2020-10-01T11:33:08.418939
Hibernate: select posts0_.id as id1_0_, posts0_.created_date as created_2_0_, posts0_.modified_date as modified3_0_, posts0_.author as author4_0_, posts0_.content as content5_0_, posts0_.title as title6_0_ from posts posts0_
Hibernate: delete from posts where id=?
]]></system-out>
  <system-err><![CDATA[]]></system-err>
</testsuite>
